
-----------------------------------------------------------------
  pg_upgrade run on Mon Mar 24 00:44:49 2025
-----------------------------------------------------------------

check for "/opt/homebrew/opt/postgresql@17/bin/postgres" failed: incorrect version: found "postgres (PostgreSQL) 17.4 (Homebrew)", expected "postgres (PostgreSQL) 14.17 (asm)"

-----------------------------------------------------------------
  pg_upgrade run on Mon Mar 24 00:46:24 2025
-----------------------------------------------------------------

check for "/opt/homebrew/opt/postgresql@17/bin/postgres" failed: incorrect version: found "postgres (PostgreSQL) 17.4 (Homebrew)", expected "postgres (PostgreSQL) 14.17 (asm)"

-----------------------------------------------------------------
  pg_upgrade run on Mon Mar 24 00:46:49 2025
-----------------------------------------------------------------

check for "/opt/homebrew/opt/postgresql@17/bin/postgres" failed: incorrect version: found "postgres (PostgreSQL) 17.4 (Homebrew)", expected "postgres (PostgreSQL) 14.17 (asm)"

-----------------------------------------------------------------
  pg_upgrade run on Mon Mar 24 00:47:20 2025
-----------------------------------------------------------------

check for "/opt/homebrew/opt/postgresql@17/bin/postgres" failed: incorrect version: found "postgres (PostgreSQL) 17.4 (Homebrew)", expected "postgres (PostgreSQL) 14.17 (asm)"

-----------------------------------------------------------------
  pg_upgrade run on Mon Mar 24 00:47:49 2025
-----------------------------------------------------------------

check for "/opt/homebrew/opt/postgresql@17/bin/postgres" failed: incorrect version: found "postgres (PostgreSQL) 17.4 (Homebrew)", expected "postgres (PostgreSQL) 14.17 (asm)"

-----------------------------------------------------------------
  pg_upgrade run on Mon Mar 24 00:52:02 2025
-----------------------------------------------------------------

check for "/opt/homebrew/opt/postgresql@17/bin" failed: No such file or directory


-----------------------------------------------------------------
  pg_upgrade run on Mon Mar 24 00:52:11 2025
-----------------------------------------------------------------

check for "/opt/homebrew/opt/postgresql@17.4/bin/postgres" failed: incorrect version: found "postgres (PostgreSQL) 17.4 (asm)", expected "postgres (PostgreSQL) 14.17 (asm)"
